#
# A fatal error has been detected by the Java Runtime Environment:
#
#  Internal Error (javaClasses.cpp:129), pid=7512, tid=6420
#  fatal error: Invalid layout of preloaded class
#
# JRE version: 7.0_17-b02
# Java VM: Java HotSpot(TM) 64-Bit Server VM (23.7-b01 mixed mode windows-amd64 compressed oops)
# Failed to write core dump. Minidumps are not enabled by default on client versions of Windows
#
# If you would like to submit a bug report, please visit:
#   http://bugreport.sun.com/bugreport/crash.jsp
#

---------------  T H R E A D  ---------------

Current thread (0x0000000001f5c800):  JavaThread "Unknown thread" [_thread_in_vm, id=6420, stack(0x0000000002300000,0x0000000002400000)]

Stack: [0x0000000002300000,0x0000000002400000]

---------------  P R O C E S S  ---------------

Java Threads: ( => current thread )

Other Threads:

=>0x0000000001f5c800 (exited) JavaThread "Unknown thread" [_thread_in_vm, id=6420, stack(0x0000000002300000,0x0000000002400000)]

VM state:not at safepoint (not fully initialized)

VM Mutex/Monitor currently owned by a thread: None

GC Heap History (0 events):
No events

Deoptimization events (0 events):
No events

Internal exceptions (0 events):
No events

Events (10 events):
Event: 0.009 loading class 0x0000000001fe3a80 done
Event: 0.010 loading class 0x0000000001fa2300 done
Event: 0.010 loading class 0x0000000001fa22d0
Event: 0.010 loading class 0x0000000001feee20
Event: 0.010 loading class 0x0000000001feee20 done
Event: 0.010 loading class 0x0000000001feee60
Event: 0.010 loading class 0x0000000001feee60 done
Event: 0.010 loading class 0x000000000881c800
Event: 0.010 loading class 0x000000000881c800 done
Event: 0.010 loading class 0x0000000001fa22d0 done


Dynamic libraries:
0x000000013f210000 - 0x000000013f243000 	C:\Program Files\Java\jdk1.7.0_17\bin\javaw.exe
0x0000000076cd0000 - 0x0000000076e79000 	C:\Windows\SYSTEM32\ntdll.dll
0x0000000076ab0000 - 0x0000000076bcf000 	C:\Windows\system32\kernel32.dll
0x000007fefcbb0000 - 0x000007fefcc1c000 	C:\Windows\system32\KERNELBASE.dll
0x000007fefda50000 - 0x000007fefdb2b000 	C:\Windows\system32\ADVAPI32.dll
0x000007fefdf10000 - 0x000007fefdfaf000 	C:\Windows\system32\msvcrt.dll
0x000007fefd110000 - 0x000007fefd12f000 	C:\Windows\SYSTEM32\sechost.dll
0x000007fefd6a0000 - 0x000007fefd7cd000 	C:\Windows\system32\RPCRT4.dll
0x0000000076bd0000 - 0x0000000076cca000 	C:\Windows\system32\USER32.dll
0x000007fefd130000 - 0x000007fefd197000 	C:\Windows\system32\GDI32.dll
0x000007fefdf00000 - 0x000007fefdf0e000 	C:\Windows\system32\LPK.dll
0x000007fefd3f0000 - 0x000007fefd4b9000 	C:\Windows\system32\USP10.dll
0x000007fefb180000 - 0x000007fefb374000 	C:\Windows\WinSxS\amd64_microsoft.windows.common-controls_6595b64144ccf1df_6.0.7601.18807_none_fa381d5f175bfb52\COMCTL32.dll
0x000007fefdde0000 - 0x000007fefde51000 	C:\Windows\system32\SHLWAPI.dll
0x000007fefd650000 - 0x000007fefd67e000 	C:\Windows\system32\IMM32.DLL
0x000007fefd4c0000 - 0x000007fefd5c9000 	C:\Windows\system32\MSCTF.dll
0x0000000062370000 - 0x0000000062441000 	C:\Program Files\Java\jdk1.7.0_17\jre\bin\msvcr100.dll
0x00000000686b0000 - 0x0000000068dcf000 	C:\Program Files\Java\jdk1.7.0_17\jre\bin\server\jvm.dll
0x000007fef8fd0000 - 0x000007fef8fd9000 	C:\Windows\system32\WSOCK32.dll
0x000007fefda00000 - 0x000007fefda4d000 	C:\Windows\system32\WS2_32.dll
0x000007fefdfb0000 - 0x000007fefdfb8000 	C:\Windows\system32\NSI.dll
0x000007fef8ee0000 - 0x000007fef8f1b000 	C:\Windows\system32\WINMM.dll
0x0000000076e90000 - 0x0000000076e97000 	C:\Windows\system32\PSAPI.DLL
0x00000000734d0000 - 0x00000000734df000 	C:\Program Files\Java\jdk1.7.0_17\jre\bin\verify.dll
0x00000000734a0000 - 0x00000000734c8000 	C:\Program Files\Java\jdk1.7.0_17\jre\bin\java.dll
0x0000000073480000 - 0x0000000073495000 	C:\Program Files\Java\jdk1.7.0_17\jre\bin\zip.dll

VM Arguments:
jvm_args: -Dfile.encoding=UTF-8 -Xbootclasspath:D:\adt-bundle-windows-x86_64-20131030\sdk\platforms\android-19\android.jar 
java_command: com.jnwat.oamobilegy.mail.test
Launcher Type: SUN_STANDARD

Environment Variables:
JAVA_HOME=C:\Program Files\Java\jdk1.7.0_17
PATH=C:/Program Files/Java/jdk1.7.0_17/bin/../jre/bin/server;C:/Program Files/Java/jdk1.7.0_17/bin/../jre/bin;C:/Program Files/Java/jdk1.7.0_17/bin/../jre/lib/amd64;C:\Program Files\Java\jdk1.7.0_17\bin;C:\Program Files\Java\jdk1.7.0_17\jre\bin;C:\windows\system32\;D:\adt-bundle-windows-x86_64-20131030\eclipse;
USERNAME=Administrator
OS=Windows_NT
PROCESSOR_IDENTIFIER=Intel64 Family 6 Model 37 Stepping 5, GenuineIntel



---------------  S Y S T E M  ---------------

OS: Windows 7 , 64 bit Build 7601 Service Pack 1

CPU:total 4 (2 cores per cpu, 2 threads per core) family 6 model 37 stepping 5, cmov, cx8, fxsr, mmx, sse, sse2, sse3, ssse3, sse4.1, sse4.2, popcnt, ht, tsc, tscinvbit

Memory: 4k page, physical 3988600k(937968k free), swap 7975340k(3877488k free)

vm_info: Java HotSpot(TM) 64-Bit Server VM (23.7-b01) for windows-amd64 JRE (1.7.0_17-b02), built on Mar  1 2013 03:38:30 by "java_re" with unknown MS VC++:1600

time: Sun Oct 25 11:42:24 2015
elapsed time: 0 seconds

